Installing library in C:\Users\Emil\Documents\code\School\DIT961\Lab4\.cabal-sandbox\x86_64-windows-ghc-8.6.5\io-streams-1.5.1.0-L4svx5iqm2sAkoCaHh4BZT
O\Streams\Internal.hs, dist\dist-sandbox-ece26921\build\System\IO\Streams\Internal.o )
[ 2 of 23] Compiling System.IO.Streams.Handle ( src\System\IO\Streams\Handle.hs, dist\dist-sandbox-ece26921\build\System\IO\Streams\Handle.o )
[ 3 of 23] Compiling System.IO.Streams.File ( src\System\IO\Streams\File.hs, dist\dist-sandbox-ece26921\build\System\IO\Streams\File.o )
[ 4 of 23] Compiling System.IO.Streams.Debug ( src\System\IO\Streams\Debug.hs, dist\dist-sandbox-ece26921\build\System\IO\Streams\Debug.o )
[ 5 of 23] Compiling System.IO.Streams.Core ( src\System\IO\Streams\Core.hs, dist\dist-sandbox-ece26921\build\System\IO\Streams\Core.o )
[ 6 of 23] Compiling System.IO.Streams.Concurrent ( src\System\IO\Streams\Concurrent.hs, dist\dist-sandbox-ece26921\build\System\IO\Streams\Concurrent.o )
[ 7 of 23] Compiling System.IO.Streams.Combinators ( src\System\IO\Streams\Combinators.hs, dist\dist-sandbox-ece26921\build\System\IO\Streams\Combinators.o )
[ 8 of 23] Compiling System.IO.Streams.Builder ( src\System\IO\Streams\Builder.hs, dist\dist-sandbox-ece26921\build\System\IO\Streams\Builder.o )
[ 9 of 23] Compiling System.IO.Streams.Internal.Attoparsec ( src\System\IO\Streams\Internal\Attoparsec.hs, dist\dist-sandbox-ece26921\build\System\IO\Streams\Internal\Attoparsec.o )
[10 of 23] Compiling System.IO.Streams.Attoparsec.Text ( src\System\IO\Streams\Attoparsec\Text.hs, dist\dist-sandbox-ece26921\build\System\IO\Streams\Attoparsec\Text.o )
[11 of 23] Compiling System.IO.Streams.Attoparsec.ByteString ( src\System\IO\Streams\Attoparsec\ByteString.hs, dist\dist-sandbox-ece26921\build\System\IO\Streams\Attoparsec\ByteString.o )
[12 of 23] Compiling System.IO.Streams.Attoparsec ( src\System\IO\Streams\Attoparsec.hs, dist\dist-sandbox-ece26921\build\System\IO\Streams\Attoparsec.o )
[13 of 23] Compiling System.IO.Streams.Internal.Network ( src\System\IO\Streams\Internal\Network.hs, dist\dist-sandbox-ece26921\build\System\IO\Streams\Internal\Network.o )
[14 of 23] Compiling System.IO.Streams.Internal.Search ( src\System\IO\Streams\Internal\Search.hs, dist\dist-sandbox-ece26921\build\System\IO\Streams\Internal\Search.o )
[15 of 23] Compiling System.IO.Streams.List ( src\System\IO\Streams\List.hs, dist\dist-sandbox-ece26921\build\System\IO\Streams\List.o )
[16 of 23] Compiling System.IO.Streams.ByteString ( src\System\IO\Streams\ByteString.hs, dist\dist-sandbox-ece26921\build\System\IO\Streams\ByteString.o )
[17 of 23] Compiling System.IO.Streams.Network ( src\System\IO\Streams\Network.hs, dist\dist-sandbox-ece26921\build\System\IO\Streams\Network.o )
[18 of 23] Compiling System.IO.Streams.Process ( src\System\IO\Streams\Process.hs, dist\dist-sandbox-ece26921\build\System\IO\Streams\Process.o )
[19 of 23] Compiling System.IO.Streams.Text ( src\System\IO\Streams\Text.hs, dist\dist-sandbox-ece26921\build\System\IO\Streams\Text.o )
[20 of 23] Compiling System.IO.Streams.Tutorial ( src\System\IO\Streams\Tutorial.hs, dist\dist-sandbox-ece26921\build\System\IO\Streams\Tutorial.o )
[21 of 23] Compiling System.IO.Streams.Vector ( src\System\IO\Streams\Vector.hs, dist\dist-sandbox-ece26921\build\System\IO\Streams\Vector.o )
[22 of 23] Compiling System.IO.Streams.Zlib ( src\System\IO\Streams\Zlib.hs, dist\dist-sandbox-ece26921\build\System\IO\Streams\Zlib.o )
[23 of 23] Compiling System.IO.Streams ( src\System\IO\Streams.hs, dist\dist-sandbox-ece26921\build\System\IO\Streams.o )
cabal: Leaving directory 'C:\Users\Emil\AppData\Local\Temp\cabal-tmp-14332\io-streams-1.5.1.0'
